2022-08-05 09:33:25.758  INFO 25587 --- [restartedMain] i.g.c.mscartoes.MscartoesApplication     : Starting MscartoesApplication using Java 11.0.15 on michel-systemproductname with PID 25587 (/home/michel/projetos/curso-microservicos/mscartoes/target/classes started by michel in /home/michel/projetos/curso-microservicos/mscartoes)
2022-08-05 09:33:25.759  INFO 25587 --- [restartedMain] i.g.c.mscartoes.MscartoesApplication     : No active profile set, falling back to 1 default profile: "default"
2022-08-05 09:33:25.788  INFO 25587 --- [restartedMain] .e.DevToolsPropertyDefaultsPostProcessor : Devtools property defaults active! Set 'spring.devtools.add-properties' to 'false' to disable
2022-08-05 09:33:25.788  INFO 25587 --- [restartedMain] .e.DevToolsPropertyDefaultsPostProcessor : For additional web related logging consider setting the 'logging.level.web' property to 'DEBUG'
2022-08-05 09:33:26.470  INFO 25587 --- [restartedMain] .s.d.r.c.RepositoryConfigurationDelegate : Bootstrapping Spring Data JPA repositories in DEFAULT mode.
2022-08-05 09:33:26.506  INFO 25587 --- [restartedMain] .s.d.r.c.RepositoryConfigurationDelegate : Finished Spring Data repository scanning in 31 ms. Found 2 JPA repository interfaces.
2022-08-05 09:33:26.669  INFO 25587 --- [restartedMain] o.s.cloud.context.scope.GenericScope     : BeanFactory id=8b92ba2b-e5a5-3b62-a7b8-781d75d8dcf2
2022-08-05 09:33:27.068  INFO 25587 --- [restartedMain] o.s.b.w.embedded.tomcat.TomcatWebServer  : Tomcat initialized with port(s): 0 (http)
2022-08-05 09:33:27.074  INFO 25587 --- [restartedMain] o.apache.catalina.core.StandardService   : Starting service [Tomcat]
2022-08-05 09:33:27.075  INFO 25587 --- [restartedMain] org.apache.catalina.core.StandardEngine  : Starting Servlet engine: [Apache Tomcat/9.0.65]
2022-08-05 09:33:27.125  INFO 25587 --- [restartedMain] o.a.c.c.C.[Tomcat].[localhost].[/]       : Initializing Spring embedded WebApplicationContext
2022-08-05 09:33:27.125  INFO 25587 --- [restartedMain] w.s.c.ServletWebServerApplicationContext : Root WebApplicationContext: initialization completed in 1337 ms
2022-08-05 09:33:27.214  INFO 25587 --- [restartedMain] com.zaxxer.hikari.HikariDataSource       : HikariPool-1 - Starting...
2022-08-05 09:33:27.293  INFO 25587 --- [restartedMain] com.zaxxer.hikari.HikariDataSource       : HikariPool-1 - Start completed.
2022-08-05 09:33:27.302  INFO 25587 --- [restartedMain] o.s.b.a.h2.H2ConsoleAutoConfiguration    : H2 console available at '/h2-console'. Database available at 'jdbc:h2:mem:814bec48-1f7d-4606-adc3-430049452bd4'
2022-08-05 09:33:27.434  INFO 25587 --- [restartedMain] o.hibernate.jpa.internal.util.LogHelper  : HHH000204: Processing PersistenceUnitInfo [name: default]
2022-08-05 09:33:27.459  INFO 25587 --- [restartedMain] org.hibernate.Version                    : HHH000412: Hibernate ORM core version 5.6.10.Final
2022-08-05 09:33:27.532  INFO 25587 --- [restartedMain] o.hibernate.annotations.common.Version   : HCANN000001: Hibernate Commons Annotations {5.1.2.Final}
2022-08-05 09:33:27.588  INFO 25587 --- [restartedMain] org.hibernate.dialect.Dialect            : HHH000400: Using dialect: org.hibernate.dialect.H2Dialect
2022-08-05 09:33:27.898  INFO 25587 --- [restartedMain] o.h.e.t.j.p.i.JtaPlatformInitiator       : HHH000490: Using JtaPlatform implementation: [org.hibernate.engine.transaction.jta.platform.internal.NoJtaPlatform]
2022-08-05 09:33:27.902  INFO 25587 --- [restartedMain] j.LocalContainerEntityManagerFactoryBean : Initialized JPA EntityManagerFactory for persistence unit 'default'
2022-08-05 09:33:28.175  WARN 25587 --- [restartedMain] JpaBaseConfiguration$JpaWebConfiguration : spring.jpa.open-in-view is enabled by default. Therefore, database queries may be performed during view rendering. Explicitly configure spring.jpa.open-in-view to disable this warning
2022-08-05 09:33:28.943  INFO 25587 --- [restartedMain] o.s.b.d.a.OptionalLiveReloadServer       : LiveReload server is running on port 35729
2022-08-05 09:33:28.952  INFO 25587 --- [restartedMain] DiscoveryClientOptionalArgsConfiguration : Eureka HTTP Client uses RestTemplate.
2022-08-05 09:33:28.995  WARN 25587 --- [restartedMain] iguration$LoadBalancerCaffeineWarnLogger : Spring Cloud LoadBalancer is currently working with the default cache. While this cache implementation is useful for development and tests, it's recommended to use Caffeine cache in production.You can switch to using Caffeine cache, by adding it and org.springframework.cache.caffeine.CaffeineCacheManager to the classpath.
2022-08-05 09:33:28.999  INFO 25587 --- [restartedMain] o.s.b.a.e.web.EndpointLinksResolver      : Exposing 17 endpoint(s) beneath base path '/actuator'
2022-08-05 09:33:29.097  INFO 25587 --- [restartedMain] o.s.b.w.embedded.tomcat.TomcatWebServer  : Tomcat started on port(s): 45439 (http) with context path ''
2022-08-05 09:33:29.098  INFO 25587 --- [restartedMain] .s.c.n.e.s.EurekaAutoServiceRegistration : Updating port to 45439
2022-08-05 09:33:29.101  INFO 25587 --- [restartedMain] o.s.c.n.eureka.InstanceInfoFactory       : Setting initial instance status as: STARTING
2022-08-05 09:33:29.119  INFO 25587 --- [restartedMain] com.netflix.discovery.DiscoveryClient    : Initializing Eureka in region us-east-1
2022-08-05 09:33:29.122  INFO 25587 --- [restartedMain] c.n.d.s.r.aws.ConfigClusterResolver      : Resolving eureka endpoints via configuration
2022-08-05 09:33:29.134  INFO 25587 --- [restartedMain] com.netflix.discovery.DiscoveryClient    : Disable delta property : false
2022-08-05 09:33:29.134  INFO 25587 --- [restartedMain] com.netflix.discovery.DiscoveryClient    : Single vip registry refresh property : null
2022-08-05 09:33:29.134  INFO 25587 --- [restartedMain] com.netflix.discovery.DiscoveryClient    : Force full registry fetch : false
2022-08-05 09:33:29.134  INFO 25587 --- [restartedMain] com.netflix.discovery.DiscoveryClient    : Application is null : false
2022-08-05 09:33:29.134  INFO 25587 --- [restartedMain] com.netflix.discovery.DiscoveryClient    : Registered Applications size is zero : true
2022-08-05 09:33:29.134  INFO 25587 --- [restartedMain] com.netflix.discovery.DiscoveryClient    : Application version is -1: true
2022-08-05 09:33:29.134  INFO 25587 --- [restartedMain] com.netflix.discovery.DiscoveryClient    : Getting all instance registry info from the eureka server
2022-08-05 09:33:29.369  INFO 25587 --- [restartedMain] com.netflix.discovery.DiscoveryClient    : The response status is 200
2022-08-05 09:33:29.371  INFO 25587 --- [restartedMain] com.netflix.discovery.DiscoveryClient    : Starting heartbeat executor: renew interval is: 30
2022-08-05 09:33:29.372  INFO 25587 --- [restartedMain] c.n.discovery.InstanceInfoReplicator     : InstanceInfoReplicator onDemand update allowed rate per min is 4
2022-08-05 09:33:29.376  INFO 25587 --- [restartedMain] com.netflix.discovery.DiscoveryClient    : Discovery Client initialized at timestamp 1659702809375 with initial instances count: 4
2022-08-05 09:33:29.377  INFO 25587 --- [restartedMain] o.s.c.n.e.s.EurekaServiceRegistry        : Registering application MSCARTOES with eureka with status UP
2022-08-05 09:33:29.377  INFO 25587 --- [restartedMain] com.netflix.discovery.DiscoveryClient    : Saw local status change event StatusChangeEvent [timestamp=1659702809377, current=UP, previous=STARTING]
2022-08-05 09:33:29.378  INFO 25587 --- [DiscoveryClient-InstanceInfoReplicator-0] com.netflix.discovery.DiscoveryClient    : DiscoveryClient_MSCARTOES/mscartoes:97b45e847cc79e7729d6c027cd49d992: registering service...
2022-08-05 09:33:29.380  INFO 25587 --- [restartedMain] o.s.a.r.c.CachingConnectionFactory       : Attempting to connect to: [localhost:5672]
2022-08-05 09:33:29.398  INFO 25587 --- [restartedMain] o.s.a.r.c.CachingConnectionFactory       : Created new connection: rabbitConnectionFactory#52ce329e:0/SimpleConnection@84608ac [delegate=amqp://guest@127.0.0.1:5672/, localPort= 36062]
2022-08-05 09:33:29.439  INFO 25587 --- [restartedMain] i.g.c.mscartoes.MscartoesApplication     : Started MscartoesApplication in 3.999 seconds (JVM running for 4.456)
2022-08-05 09:33:29.478  INFO 25587 --- [DiscoveryClient-InstanceInfoReplicator-0] com.netflix.discovery.DiscoveryClient    : DiscoveryClient_MSCARTOES/mscartoes:97b45e847cc79e7729d6c027cd49d992 - registration status: 204
2022-08-05 09:33:29.766  INFO 25587 --- [RMI TCP Connection(4)-127.0.0.1] o.a.c.c.C.[Tomcat].[localhost].[/]       : Initializing Spring DispatcherServlet 'dispatcherServlet'
2022-08-05 09:33:29.766  INFO 25587 --- [RMI TCP Connection(4)-127.0.0.1] o.s.web.servlet.DispatcherServlet        : Initializing Servlet 'dispatcherServlet'
2022-08-05 09:33:29.768  INFO 25587 --- [RMI TCP Connection(4)-127.0.0.1] o.s.web.servlet.DispatcherServlet        : Completed initialization in 2 ms
2022-08-05 09:34:18.570  INFO 25587 --- [http-nio-auto-1-exec-2] o.springdoc.api.AbstractOpenApiResource  : Init duration for springdoc-openapi is: 105 ms
2022-08-05 09:35:24.076  INFO 25587 --- [SpringApplicationShutdownHook] o.s.c.n.e.s.EurekaServiceRegistry        : Unregistering application MSCARTOES with eureka with status DOWN
2022-08-05 09:35:24.076  INFO 25587 --- [SpringApplicationShutdownHook] com.netflix.discovery.DiscoveryClient    : Saw local status change event StatusChangeEvent [timestamp=1659702924076, current=DOWN, previous=UP]
2022-08-05 09:35:24.076  INFO 25587 --- [DiscoveryClient-InstanceInfoReplicator-0] com.netflix.discovery.DiscoveryClient    : DiscoveryClient_MSCARTOES/mscartoes:97b45e847cc79e7729d6c027cd49d992: registering service...
2022-08-05 09:35:24.080  INFO 25587 --- [DiscoveryClient-InstanceInfoReplicator-0] com.netflix.discovery.DiscoveryClient    : DiscoveryClient_MSCARTOES/mscartoes:97b45e847cc79e7729d6c027cd49d992 - registration status: 204
2022-08-05 09:35:24.080  INFO 25587 --- [org.springframework.amqp.rabbit.RabbitListenerEndpointContainer#0-2] o.s.a.r.l.SimpleMessageListenerContainer : Waiting for workers to finish.
2022-08-05 09:35:24.460  INFO 25587 --- [org.springframework.amqp.rabbit.RabbitListenerEndpointContainer#0-2] o.s.a.r.l.SimpleMessageListenerContainer : Successfully waited for workers to finish.
2022-08-05 09:35:24.520  INFO 25587 --- [SpringApplicationShutdownHook] o.s.a.r.l.SimpleMessageListenerContainer : Shutdown ignored - container is already stopped
2022-08-05 09:35:24.522  INFO 25587 --- [SpringApplicationShutdownHook] j.LocalContainerEntityManagerFactoryBean : Closing JPA EntityManagerFactory for persistence unit 'default'
2022-08-05 09:35:24.522  INFO 25587 --- [SpringApplicationShutdownHook] .SchemaDropperImpl$DelayedDropActionImpl : HHH000477: Starting delayed evictData of schema as part of SessionFactory shut-down'
2022-08-05 09:35:24.737  WARN 25587 --- [SpringApplicationShutdownHook] o.s.b.f.support.DisposableBeanAdapter    : Invocation of destroy method failed on bean with name 'inMemoryDatabaseShutdownExecutor': org.h2.jdbc.JdbcSQLNonTransientConnectionException: Database is already closed (to disable automatic closing at VM shutdown, add ";DB_CLOSE_ON_EXIT=FALSE" to the db URL) [90121-214]
2022-08-05 09:35:24.744  INFO 25587 --- [SpringApplicationShutdownHook] com.zaxxer.hikari.HikariDataSource       : HikariPool-1 - Shutdown initiated...
2022-08-05 09:35:24.752  INFO 25587 --- [SpringApplicationShutdownHook] com.zaxxer.hikari.HikariDataSource       : HikariPool-1 - Shutdown completed.
2022-08-05 09:35:24.755  INFO 25587 --- [SpringApplicationShutdownHook] com.netflix.discovery.DiscoveryClient    : Shutting down DiscoveryClient ...
2022-08-05 09:35:27.757  INFO 25587 --- [SpringApplicationShutdownHook] com.netflix.discovery.DiscoveryClient    : Unregistering ...
2022-08-05 09:35:27.761  INFO 25587 --- [SpringApplicationShutdownHook] com.netflix.discovery.DiscoveryClient    : DiscoveryClient_MSCARTOES/mscartoes:97b45e847cc79e7729d6c027cd49d992 - deregister  status: 200
2022-08-05 09:35:27.766  INFO 25587 --- [SpringApplicationShutdownHook] com.netflix.discovery.DiscoveryClient    : Completed shut down of DiscoveryClient
