2022-08-05 08:54:27.043  INFO 7431 --- [restartedMain] i.g.c.msclientes.MsclientesApplication   : Starting MsclientesApplication using Java 17.0.4 on michel-systemproductname with PID 7431 (/home/michel/projetos/curso-microservicos/msclientes/target/classes started by michel in /home/michel/projetos/curso-microservicos/msclientes)
2022-08-05 08:54:27.044  INFO 7431 --- [restartedMain] i.g.c.msclientes.MsclientesApplication   : No active profile set, falling back to 1 default profile: "default"
2022-08-05 08:54:27.072  INFO 7431 --- [restartedMain] .e.DevToolsPropertyDefaultsPostProcessor : Devtools property defaults active! Set 'spring.devtools.add-properties' to 'false' to disable
2022-08-05 08:54:27.072  INFO 7431 --- [restartedMain] .e.DevToolsPropertyDefaultsPostProcessor : For additional web related logging consider setting the 'logging.level.web' property to 'DEBUG'
2022-08-05 08:54:27.593  INFO 7431 --- [restartedMain] .s.d.r.c.RepositoryConfigurationDelegate : Bootstrapping Spring Data JPA repositories in DEFAULT mode.
2022-08-05 08:54:27.673  INFO 7431 --- [restartedMain] .s.d.r.c.RepositoryConfigurationDelegate : Finished Spring Data repository scanning in 76 ms. Found 1 JPA repository interfaces.
2022-08-05 08:54:27.813  INFO 7431 --- [restartedMain] o.s.cloud.context.scope.GenericScope     : BeanFactory id=cdd135c6-f9c6-38cc-8035-061472f74704
2022-08-05 08:54:28.170  INFO 7431 --- [restartedMain] o.s.b.w.embedded.tomcat.TomcatWebServer  : Tomcat initialized with port(s): 0 (http)
2022-08-05 08:54:28.176  INFO 7431 --- [restartedMain] o.apache.catalina.core.StandardService   : Starting service [Tomcat]
2022-08-05 08:54:28.176  INFO 7431 --- [restartedMain] org.apache.catalina.core.StandardEngine  : Starting Servlet engine: [Apache Tomcat/9.0.65]
2022-08-05 08:54:28.223  INFO 7431 --- [restartedMain] o.a.c.c.C.[Tomcat].[localhost].[/]       : Initializing Spring embedded WebApplicationContext
2022-08-05 08:54:28.223  INFO 7431 --- [restartedMain] w.s.c.ServletWebServerApplicationContext : Root WebApplicationContext: initialization completed in 1151 ms
2022-08-05 08:54:28.305  INFO 7431 --- [restartedMain] com.zaxxer.hikari.HikariDataSource       : HikariPool-1 - Starting...
2022-08-05 08:54:28.432  INFO 7431 --- [restartedMain] com.zaxxer.hikari.HikariDataSource       : HikariPool-1 - Start completed.
2022-08-05 08:54:28.439  INFO 7431 --- [restartedMain] o.s.b.a.h2.H2ConsoleAutoConfiguration    : H2 console available at '/h2-console'. Database available at 'jdbc:h2:mem:8da18cb5-4d6f-4390-9b02-13c0d1c7f156'
2022-08-05 08:54:28.538  INFO 7431 --- [restartedMain] o.hibernate.jpa.internal.util.LogHelper  : HHH000204: Processing PersistenceUnitInfo [name: default]
2022-08-05 08:54:28.563  INFO 7431 --- [restartedMain] org.hibernate.Version                    : HHH000412: Hibernate ORM core version 5.6.10.Final
2022-08-05 08:54:28.648  INFO 7431 --- [restartedMain] o.hibernate.annotations.common.Version   : HCANN000001: Hibernate Commons Annotations {5.1.2.Final}
2022-08-05 08:54:28.718  INFO 7431 --- [restartedMain] org.hibernate.dialect.Dialect            : HHH000400: Using dialect: org.hibernate.dialect.H2Dialect
2022-08-05 08:54:28.985  INFO 7431 --- [restartedMain] o.h.e.t.j.p.i.JtaPlatformInitiator       : HHH000490: Using JtaPlatform implementation: [org.hibernate.engine.transaction.jta.platform.internal.NoJtaPlatform]
2022-08-05 08:54:28.989  INFO 7431 --- [restartedMain] j.LocalContainerEntityManagerFactoryBean : Initialized JPA EntityManagerFactory for persistence unit 'default'
2022-08-05 08:54:29.185  WARN 7431 --- [restartedMain] JpaBaseConfiguration$JpaWebConfiguration : spring.jpa.open-in-view is enabled by default. Therefore, database queries may be performed during view rendering. Explicitly configure spring.jpa.open-in-view to disable this warning
2022-08-05 08:54:29.544  WARN 7431 --- [restartedMain] o.s.b.d.a.OptionalLiveReloadServer       : Unable to start LiveReload server
2022-08-05 08:54:29.553  INFO 7431 --- [restartedMain] DiscoveryClientOptionalArgsConfiguration : Eureka HTTP Client uses RestTemplate.
2022-08-05 08:54:29.588  WARN 7431 --- [restartedMain] iguration$LoadBalancerCaffeineWarnLogger : Spring Cloud LoadBalancer is currently working with the default cache. While this cache implementation is useful for development and tests, it's recommended to use Caffeine cache in production.You can switch to using Caffeine cache, by adding it and org.springframework.cache.caffeine.CaffeineCacheManager to the classpath.
2022-08-05 08:54:29.592  INFO 7431 --- [restartedMain] o.s.b.a.e.web.EndpointLinksResolver      : Exposing 17 endpoint(s) beneath base path '/actuator'
2022-08-05 08:54:29.639  INFO 7431 --- [restartedMain] o.s.b.w.embedded.tomcat.TomcatWebServer  : Tomcat started on port(s): 42875 (http) with context path ''
2022-08-05 08:54:29.639  INFO 7431 --- [restartedMain] .s.c.n.e.s.EurekaAutoServiceRegistration : Updating port to 42875
2022-08-05 08:54:29.642  INFO 7431 --- [restartedMain] o.s.c.n.eureka.InstanceInfoFactory       : Setting initial instance status as: STARTING
2022-08-05 08:54:29.661  INFO 7431 --- [restartedMain] com.netflix.discovery.DiscoveryClient    : Initializing Eureka in region us-east-1
2022-08-05 08:54:29.663  INFO 7431 --- [restartedMain] c.n.d.s.r.aws.ConfigClusterResolver      : Resolving eureka endpoints via configuration
2022-08-05 08:54:29.676  INFO 7431 --- [restartedMain] com.netflix.discovery.DiscoveryClient    : Disable delta property : false
2022-08-05 08:54:29.676  INFO 7431 --- [restartedMain] com.netflix.discovery.DiscoveryClient    : Single vip registry refresh property : null
2022-08-05 08:54:29.676  INFO 7431 --- [restartedMain] com.netflix.discovery.DiscoveryClient    : Force full registry fetch : false
2022-08-05 08:54:29.676  INFO 7431 --- [restartedMain] com.netflix.discovery.DiscoveryClient    : Application is null : false
2022-08-05 08:54:29.677  INFO 7431 --- [restartedMain] com.netflix.discovery.DiscoveryClient    : Registered Applications size is zero : true
2022-08-05 08:54:29.677  INFO 7431 --- [restartedMain] com.netflix.discovery.DiscoveryClient    : Application version is -1: true
2022-08-05 08:54:29.677  INFO 7431 --- [restartedMain] com.netflix.discovery.DiscoveryClient    : Getting all instance registry info from the eureka server
2022-08-05 08:54:29.935  INFO 7431 --- [restartedMain] com.netflix.discovery.DiscoveryClient    : The response status is 200
2022-08-05 08:54:29.937  INFO 7431 --- [restartedMain] com.netflix.discovery.DiscoveryClient    : Starting heartbeat executor: renew interval is: 30
2022-08-05 08:54:29.938  INFO 7431 --- [restartedMain] c.n.discovery.InstanceInfoReplicator     : InstanceInfoReplicator onDemand update allowed rate per min is 4
2022-08-05 08:54:29.941  INFO 7431 --- [restartedMain] com.netflix.discovery.DiscoveryClient    : Discovery Client initialized at timestamp 1659700469941 with initial instances count: 3
2022-08-05 08:54:29.943  INFO 7431 --- [restartedMain] o.s.c.n.e.s.EurekaServiceRegistry        : Registering application MSCLIENTES with eureka with status UP
2022-08-05 08:54:29.943  INFO 7431 --- [restartedMain] com.netflix.discovery.DiscoveryClient    : Saw local status change event StatusChangeEvent [timestamp=1659700469943, current=UP, previous=STARTING]
2022-08-05 08:54:29.944  INFO 7431 --- [DiscoveryClient-InstanceInfoReplicator-0] com.netflix.discovery.DiscoveryClient    : DiscoveryClient_MSCLIENTES/msclientes:1eea61a4681a71032eb0922d85c2e71c: registering service...
2022-08-05 08:54:29.959  INFO 7431 --- [restartedMain] i.g.c.msclientes.MsclientesApplication   : Started MsclientesApplication in 3.175 seconds (JVM running for 3.547)
2022-08-05 08:54:30.037  INFO 7431 --- [RMI TCP Connection(2)-127.0.0.1] o.a.c.c.C.[Tomcat].[localhost].[/]       : Initializing Spring DispatcherServlet 'dispatcherServlet'
2022-08-05 08:54:30.037  INFO 7431 --- [RMI TCP Connection(2)-127.0.0.1] o.s.web.servlet.DispatcherServlet        : Initializing Servlet 'dispatcherServlet'
2022-08-05 08:54:30.038  INFO 7431 --- [RMI TCP Connection(2)-127.0.0.1] o.s.web.servlet.DispatcherServlet        : Completed initialization in 1 ms
2022-08-05 08:54:30.040  INFO 7431 --- [DiscoveryClient-InstanceInfoReplicator-0] com.netflix.discovery.DiscoveryClient    : DiscoveryClient_MSCLIENTES/msclientes:1eea61a4681a71032eb0922d85c2e71c - registration status: 204
2022-08-05 08:59:29.679  INFO 7431 --- [AsyncResolver-bootstrap-executor-0] c.n.d.s.r.aws.ConfigClusterResolver      : Resolving eureka endpoints via configuration
2022-08-05 09:04:29.680  INFO 7431 --- [AsyncResolver-bootstrap-executor-0] c.n.d.s.r.aws.ConfigClusterResolver      : Resolving eureka endpoints via configuration
2022-08-05 09:09:29.681  INFO 7431 --- [AsyncResolver-bootstrap-executor-0] c.n.d.s.r.aws.ConfigClusterResolver      : Resolving eureka endpoints via configuration
2022-08-05 09:14:29.682  INFO 7431 --- [AsyncResolver-bootstrap-executor-0] c.n.d.s.r.aws.ConfigClusterResolver      : Resolving eureka endpoints via configuration
2022-08-05 09:19:29.683  INFO 7431 --- [AsyncResolver-bootstrap-executor-0] c.n.d.s.r.aws.ConfigClusterResolver      : Resolving eureka endpoints via configuration
2022-08-05 09:24:29.685  INFO 7431 --- [AsyncResolver-bootstrap-executor-0] c.n.d.s.r.aws.ConfigClusterResolver      : Resolving eureka endpoints via configuration
2022-08-05 09:29:29.686  INFO 7431 --- [AsyncResolver-bootstrap-executor-0] c.n.d.s.r.aws.ConfigClusterResolver      : Resolving eureka endpoints via configuration
2022-08-05 09:30:04.866  INFO 7431 --- [SpringApplicationShutdownHook] o.s.c.n.e.s.EurekaServiceRegistry        : Unregistering application MSCLIENTES with eureka with status DOWN
2022-08-05 09:30:04.866  INFO 7431 --- [SpringApplicationShutdownHook] com.netflix.discovery.DiscoveryClient    : Saw local status change event StatusChangeEvent [timestamp=1659702604866, current=DOWN, previous=UP]
2022-08-05 09:30:04.866  INFO 7431 --- [DiscoveryClient-InstanceInfoReplicator-0] com.netflix.discovery.DiscoveryClient    : DiscoveryClient_MSCLIENTES/msclientes:1eea61a4681a71032eb0922d85c2e71c: registering service...
2022-08-05 09:30:04.873  INFO 7431 --- [DiscoveryClient-InstanceInfoReplicator-0] com.netflix.discovery.DiscoveryClient    : DiscoveryClient_MSCLIENTES/msclientes:1eea61a4681a71032eb0922d85c2e71c - registration status: 204
2022-08-05 09:30:04.877  INFO 7431 --- [SpringApplicationShutdownHook] j.LocalContainerEntityManagerFactoryBean : Closing JPA EntityManagerFactory for persistence unit 'default'
2022-08-05 09:30:04.877  INFO 7431 --- [SpringApplicationShutdownHook] .SchemaDropperImpl$DelayedDropActionImpl : HHH000477: Starting delayed evictData of schema as part of SessionFactory shut-down'
2022-08-05 09:30:05.085  WARN 7431 --- [SpringApplicationShutdownHook] o.s.b.f.support.DisposableBeanAdapter    : Invocation of destroy method failed on bean with name 'inMemoryDatabaseShutdownExecutor': org.h2.jdbc.JdbcSQLNonTransientConnectionException: Database is already closed (to disable automatic closing at VM shutdown, add ";DB_CLOSE_ON_EXIT=FALSE" to the db URL) [90121-214]
2022-08-05 09:30:05.091  INFO 7431 --- [SpringApplicationShutdownHook] com.zaxxer.hikari.HikariDataSource       : HikariPool-1 - Shutdown initiated...
2022-08-05 09:30:05.095  INFO 7431 --- [SpringApplicationShutdownHook] com.zaxxer.hikari.HikariDataSource       : HikariPool-1 - Shutdown completed.
2022-08-05 09:30:05.098  INFO 7431 --- [SpringApplicationShutdownHook] com.netflix.discovery.DiscoveryClient    : Shutting down DiscoveryClient ...
2022-08-05 09:30:08.101  INFO 7431 --- [SpringApplicationShutdownHook] com.netflix.discovery.DiscoveryClient    : Unregistering ...
2022-08-05 09:30:08.106  INFO 7431 --- [SpringApplicationShutdownHook] com.netflix.discovery.DiscoveryClient    : DiscoveryClient_MSCLIENTES/msclientes:1eea61a4681a71032eb0922d85c2e71c - deregister  status: 200
2022-08-05 09:30:08.109  INFO 7431 --- [SpringApplicationShutdownHook] com.netflix.discovery.DiscoveryClient    : Completed shut down of DiscoveryClient
2022-08-05 09:30:11.532  INFO 24376 --- [restartedMain] i.g.c.msclientes.MsclientesApplication   : Starting MsclientesApplication using Java 17.0.4 on michel-systemproductname with PID 24376 (/home/michel/projetos/curso-microservicos/msclientes/target/classes started by michel in /home/michel/projetos/curso-microservicos/msclientes)
2022-08-05 09:30:11.533  INFO 24376 --- [restartedMain] i.g.c.msclientes.MsclientesApplication   : No active profile set, falling back to 1 default profile: "default"
2022-08-05 09:30:11.559  INFO 24376 --- [restartedMain] .e.DevToolsPropertyDefaultsPostProcessor : Devtools property defaults active! Set 'spring.devtools.add-properties' to 'false' to disable
2022-08-05 09:30:11.560  INFO 24376 --- [restartedMain] .e.DevToolsPropertyDefaultsPostProcessor : For additional web related logging consider setting the 'logging.level.web' property to 'DEBUG'
2022-08-05 09:30:12.170  INFO 24376 --- [restartedMain] .s.d.r.c.RepositoryConfigurationDelegate : Bootstrapping Spring Data JPA repositories in DEFAULT mode.
2022-08-05 09:30:12.251  INFO 24376 --- [restartedMain] .s.d.r.c.RepositoryConfigurationDelegate : Finished Spring Data repository scanning in 76 ms. Found 1 JPA repository interfaces.
2022-08-05 09:30:12.397  INFO 24376 --- [restartedMain] o.s.cloud.context.scope.GenericScope     : BeanFactory id=e9bfb24c-b03c-39b3-b364-420dec44bc9e
2022-08-05 09:30:12.757  INFO 24376 --- [restartedMain] o.s.b.w.embedded.tomcat.TomcatWebServer  : Tomcat initialized with port(s): 0 (http)
2022-08-05 09:30:12.762  INFO 24376 --- [restartedMain] o.apache.catalina.core.StandardService   : Starting service [Tomcat]
2022-08-05 09:30:12.762  INFO 24376 --- [restartedMain] org.apache.catalina.core.StandardEngine  : Starting Servlet engine: [Apache Tomcat/9.0.65]
2022-08-05 09:30:12.860  INFO 24376 --- [restartedMain] o.a.c.c.C.[Tomcat].[localhost].[/]       : Initializing Spring embedded WebApplicationContext
2022-08-05 09:30:12.860  INFO 24376 --- [restartedMain] w.s.c.ServletWebServerApplicationContext : Root WebApplicationContext: initialization completed in 1300 ms
2022-08-05 09:30:12.945  INFO 24376 --- [restartedMain] com.zaxxer.hikari.HikariDataSource       : HikariPool-1 - Starting...
2022-08-05 09:30:13.071  INFO 24376 --- [restartedMain] com.zaxxer.hikari.HikariDataSource       : HikariPool-1 - Start completed.
2022-08-05 09:30:13.077  INFO 24376 --- [restartedMain] o.s.b.a.h2.H2ConsoleAutoConfiguration    : H2 console available at '/h2-console'. Database available at 'jdbc:h2:mem:7042fa69-d1ba-42cc-a86b-811e626d69ef'
2022-08-05 09:30:13.178  INFO 24376 --- [restartedMain] o.hibernate.jpa.internal.util.LogHelper  : HHH000204: Processing PersistenceUnitInfo [name: default]
2022-08-05 09:30:13.203  INFO 24376 --- [restartedMain] org.hibernate.Version                    : HHH000412: Hibernate ORM core version 5.6.10.Final
2022-08-05 09:30:13.288  INFO 24376 --- [restartedMain] o.hibernate.annotations.common.Version   : HCANN000001: Hibernate Commons Annotations {5.1.2.Final}
2022-08-05 09:30:13.361  INFO 24376 --- [restartedMain] org.hibernate.dialect.Dialect            : HHH000400: Using dialect: org.hibernate.dialect.H2Dialect
2022-08-05 09:30:13.629  INFO 24376 --- [restartedMain] o.h.e.t.j.p.i.JtaPlatformInitiator       : HHH000490: Using JtaPlatform implementation: [org.hibernate.engine.transaction.jta.platform.internal.NoJtaPlatform]
2022-08-05 09:30:13.634  INFO 24376 --- [restartedMain] j.LocalContainerEntityManagerFactoryBean : Initialized JPA EntityManagerFactory for persistence unit 'default'
2022-08-05 09:30:13.897  WARN 24376 --- [restartedMain] JpaBaseConfiguration$JpaWebConfiguration : spring.jpa.open-in-view is enabled by default. Therefore, database queries may be performed during view rendering. Explicitly configure spring.jpa.open-in-view to disable this warning
2022-08-05 09:30:14.508  WARN 24376 --- [restartedMain] o.s.b.d.a.OptionalLiveReloadServer       : Unable to start LiveReload server
2022-08-05 09:30:14.517  INFO 24376 --- [restartedMain] DiscoveryClientOptionalArgsConfiguration : Eureka HTTP Client uses RestTemplate.
2022-08-05 09:30:14.555  WARN 24376 --- [restartedMain] iguration$LoadBalancerCaffeineWarnLogger : Spring Cloud LoadBalancer is currently working with the default cache. While this cache implementation is useful for development and tests, it's recommended to use Caffeine cache in production.You can switch to using Caffeine cache, by adding it and org.springframework.cache.caffeine.CaffeineCacheManager to the classpath.
2022-08-05 09:30:14.559  INFO 24376 --- [restartedMain] o.s.b.a.e.web.EndpointLinksResolver      : Exposing 17 endpoint(s) beneath base path '/actuator'
2022-08-05 09:30:14.613  INFO 24376 --- [restartedMain] o.s.b.w.embedded.tomcat.TomcatWebServer  : Tomcat started on port(s): 41437 (http) with context path ''
2022-08-05 09:30:14.614  INFO 24376 --- [restartedMain] .s.c.n.e.s.EurekaAutoServiceRegistration : Updating port to 41437
2022-08-05 09:30:14.617  INFO 24376 --- [restartedMain] o.s.c.n.eureka.InstanceInfoFactory       : Setting initial instance status as: STARTING
2022-08-05 09:30:14.637  INFO 24376 --- [restartedMain] com.netflix.discovery.DiscoveryClient    : Initializing Eureka in region us-east-1
2022-08-05 09:30:14.639  INFO 24376 --- [restartedMain] c.n.d.s.r.aws.ConfigClusterResolver      : Resolving eureka endpoints via configuration
2022-08-05 09:30:14.653  INFO 24376 --- [restartedMain] com.netflix.discovery.DiscoveryClient    : Disable delta property : false
2022-08-05 09:30:14.653  INFO 24376 --- [restartedMain] com.netflix.discovery.DiscoveryClient    : Single vip registry refresh property : null
2022-08-05 09:30:14.653  INFO 24376 --- [restartedMain] com.netflix.discovery.DiscoveryClient    : Force full registry fetch : false
2022-08-05 09:30:14.654  INFO 24376 --- [restartedMain] com.netflix.discovery.DiscoveryClient    : Application is null : false
2022-08-05 09:30:14.654  INFO 24376 --- [restartedMain] com.netflix.discovery.DiscoveryClient    : Registered Applications size is zero : true
2022-08-05 09:30:14.654  INFO 24376 --- [restartedMain] com.netflix.discovery.DiscoveryClient    : Application version is -1: true
2022-08-05 09:30:14.654  INFO 24376 --- [restartedMain] com.netflix.discovery.DiscoveryClient    : Getting all instance registry info from the eureka server
2022-08-05 09:30:14.920  INFO 24376 --- [restartedMain] com.netflix.discovery.DiscoveryClient    : The response status is 200
2022-08-05 09:30:14.921  INFO 24376 --- [restartedMain] com.netflix.discovery.DiscoveryClient    : Starting heartbeat executor: renew interval is: 30
2022-08-05 09:30:14.923  INFO 24376 --- [restartedMain] c.n.discovery.InstanceInfoReplicator     : InstanceInfoReplicator onDemand update allowed rate per min is 4
2022-08-05 09:30:14.926  INFO 24376 --- [restartedMain] com.netflix.discovery.DiscoveryClient    : Discovery Client initialized at timestamp 1659702614925 with initial instances count: 4
2022-08-05 09:30:14.927  INFO 24376 --- [restartedMain] o.s.c.n.e.s.EurekaServiceRegistry        : Registering application MSCLIENTES with eureka with status UP
2022-08-05 09:30:14.928  INFO 24376 --- [restartedMain] com.netflix.discovery.DiscoveryClient    : Saw local status change event StatusChangeEvent [timestamp=1659702614928, current=UP, previous=STARTING]
2022-08-05 09:30:14.928  INFO 24376 --- [DiscoveryClient-InstanceInfoReplicator-0] com.netflix.discovery.DiscoveryClient    : DiscoveryClient_MSCLIENTES/msclientes:3b6c439f2bdc770e63df4376e7f9273b: registering service...
2022-08-05 09:30:14.944  INFO 24376 --- [restartedMain] i.g.c.msclientes.MsclientesApplication   : Started MsclientesApplication in 3.681 seconds (JVM running for 4.138)
2022-08-05 09:30:15.024  INFO 24376 --- [DiscoveryClient-InstanceInfoReplicator-0] com.netflix.discovery.DiscoveryClient    : DiscoveryClient_MSCLIENTES/msclientes:3b6c439f2bdc770e63df4376e7f9273b - registration status: 204
2022-08-05 09:30:15.287  INFO 24376 --- [RMI TCP Connection(2)-127.0.0.1] o.a.c.c.C.[Tomcat].[localhost].[/]       : Initializing Spring DispatcherServlet 'dispatcherServlet'
2022-08-05 09:30:15.287  INFO 24376 --- [RMI TCP Connection(2)-127.0.0.1] o.s.web.servlet.DispatcherServlet        : Initializing Servlet 'dispatcherServlet'
2022-08-05 09:30:15.288  INFO 24376 --- [RMI TCP Connection(2)-127.0.0.1] o.s.web.servlet.DispatcherServlet        : Completed initialization in 1 ms
2022-08-05 09:30:39.644  INFO 24376 --- [http-nio-auto-1-exec-1] o.springdoc.api.AbstractOpenApiResource  : Init duration for springdoc-openapi is: 74 ms
2022-08-05 09:35:14.655  INFO 24376 --- [AsyncResolver-bootstrap-executor-0] c.n.d.s.r.aws.ConfigClusterResolver      : Resolving eureka endpoints via configuration
2022-08-05 09:35:33.475  INFO 24376 --- [SpringApplicationShutdownHook] o.s.c.n.e.s.EurekaServiceRegistry        : Unregistering application MSCLIENTES with eureka with status DOWN
2022-08-05 09:35:33.475  INFO 24376 --- [SpringApplicationShutdownHook] com.netflix.discovery.DiscoveryClient    : Saw local status change event StatusChangeEvent [timestamp=1659702933475, current=DOWN, previous=UP]
2022-08-05 09:35:33.475  INFO 24376 --- [DiscoveryClient-InstanceInfoReplicator-0] com.netflix.discovery.DiscoveryClient    : DiscoveryClient_MSCLIENTES/msclientes:3b6c439f2bdc770e63df4376e7f9273b: registering service...
2022-08-05 09:35:33.479  INFO 24376 --- [DiscoveryClient-InstanceInfoReplicator-0] com.netflix.discovery.DiscoveryClient    : DiscoveryClient_MSCLIENTES/msclientes:3b6c439f2bdc770e63df4376e7f9273b - registration status: 204
2022-08-05 09:35:33.485  INFO 24376 --- [SpringApplicationShutdownHook] j.LocalContainerEntityManagerFactoryBean : Closing JPA EntityManagerFactory for persistence unit 'default'
2022-08-05 09:35:33.485  INFO 24376 --- [SpringApplicationShutdownHook] .SchemaDropperImpl$DelayedDropActionImpl : HHH000477: Starting delayed evictData of schema as part of SessionFactory shut-down'
2022-08-05 09:35:33.692  WARN 24376 --- [SpringApplicationShutdownHook] o.s.b.f.support.DisposableBeanAdapter    : Invocation of destroy method failed on bean with name 'inMemoryDatabaseShutdownExecutor': org.h2.jdbc.JdbcSQLNonTransientConnectionException: Database is already closed (to disable automatic closing at VM shutdown, add ";DB_CLOSE_ON_EXIT=FALSE" to the db URL) [90121-214]
2022-08-05 09:35:33.695  INFO 24376 --- [SpringApplicationShutdownHook] com.zaxxer.hikari.HikariDataSource       : HikariPool-1 - Shutdown initiated...
2022-08-05 09:35:33.696  INFO 24376 --- [SpringApplicationShutdownHook] com.zaxxer.hikari.HikariDataSource       : HikariPool-1 - Shutdown completed.
2022-08-05 09:35:33.697  INFO 24376 --- [SpringApplicationShutdownHook] com.netflix.discovery.DiscoveryClient    : Shutting down DiscoveryClient ...
2022-08-05 09:35:36.700  INFO 24376 --- [SpringApplicationShutdownHook] com.netflix.discovery.DiscoveryClient    : Unregistering ...
2022-08-05 09:35:36.705  INFO 24376 --- [SpringApplicationShutdownHook] com.netflix.discovery.DiscoveryClient    : DiscoveryClient_MSCLIENTES/msclientes:3b6c439f2bdc770e63df4376e7f9273b - deregister  status: 200
2022-08-05 09:35:36.708  INFO 24376 --- [SpringApplicationShutdownHook] com.netflix.discovery.DiscoveryClient    : Completed shut down of DiscoveryClient
