2022-09-12 08:27:50.494  INFO 19071 --- [main] i.g.c.m.MsavaliadorcreditoApplication    : Starting MsavaliadorcreditoApplication using Java 17.0.4 on michel-systemproductname with PID 19071 (/home/michel/projetos/curso-microservicos/msavaliadorcredito/target/classes started by michel in /home/michel/projetos/curso-microservicos/msavaliadorcredito)
2022-09-12 08:27:50.497  INFO 19071 --- [main] i.g.c.m.MsavaliadorcreditoApplication    : No active profile set, falling back to 1 default profile: "default"
2022-09-12 08:27:51.308  INFO 19071 --- [main] o.s.cloud.context.scope.GenericScope     : BeanFactory id=294386bb-08da-3b18-9a7f-5b5b5705a903
2022-09-12 08:27:51.497  INFO 19071 --- [main] o.s.b.w.embedded.tomcat.TomcatWebServer  : Tomcat initialized with port(s): 0 (http)
2022-09-12 08:27:51.502  INFO 19071 --- [main] o.apache.catalina.core.StandardService   : Starting service [Tomcat]
2022-09-12 08:27:51.502  INFO 19071 --- [main] org.apache.catalina.core.StandardEngine  : Starting Servlet engine: [Apache Tomcat/9.0.65]
2022-09-12 08:27:51.569  INFO 19071 --- [main] o.a.c.c.C.[Tomcat].[localhost].[/]       : Initializing Spring embedded WebApplicationContext
2022-09-12 08:27:51.569  INFO 19071 --- [main] w.s.c.ServletWebServerApplicationContext : Root WebApplicationContext: initialization completed in 1026 ms
2022-09-12 08:27:51.806  INFO 19071 --- [main] o.s.c.openfeign.FeignClientFactoryBean   : For 'msclientes' URL not provided. Will try picking an instance via load-balancing.
2022-09-12 08:27:51.849  INFO 19071 --- [main] o.s.c.openfeign.FeignClientFactoryBean   : For 'mscartoes' URL not provided. Will try picking an instance via load-balancing.
2022-09-12 08:27:52.839  INFO 19071 --- [main] DiscoveryClientOptionalArgsConfiguration : Eureka HTTP Client uses RestTemplate.
2022-09-12 08:27:52.866  WARN 19071 --- [main] iguration$LoadBalancerCaffeineWarnLogger : Spring Cloud LoadBalancer is currently working with the default cache. While this cache implementation is useful for development and tests, it's recommended to use Caffeine cache in production.You can switch to using Caffeine cache, by adding it and org.springframework.cache.caffeine.CaffeineCacheManager to the classpath.
2022-09-12 08:27:52.871  INFO 19071 --- [main] o.s.b.a.e.web.EndpointLinksResolver      : Exposing 17 endpoint(s) beneath base path '/actuator'
2022-09-12 08:27:52.939  INFO 19071 --- [main] o.s.b.w.embedded.tomcat.TomcatWebServer  : Tomcat started on port(s): 41909 (http) with context path ''
2022-09-12 08:27:52.940  INFO 19071 --- [main] .s.c.n.e.s.EurekaAutoServiceRegistration : Updating port to 41909
2022-09-12 08:27:52.942  INFO 19071 --- [main] o.s.c.n.eureka.InstanceInfoFactory       : Setting initial instance status as: STARTING
2022-09-12 08:27:52.962  INFO 19071 --- [main] com.netflix.discovery.DiscoveryClient    : Initializing Eureka in region us-east-1
2022-09-12 08:27:52.965  INFO 19071 --- [main] c.n.d.s.r.aws.ConfigClusterResolver      : Resolving eureka endpoints via configuration
2022-09-12 08:27:52.977  INFO 19071 --- [main] com.netflix.discovery.DiscoveryClient    : Disable delta property : false
2022-09-12 08:27:52.977  INFO 19071 --- [main] com.netflix.discovery.DiscoveryClient    : Single vip registry refresh property : null
2022-09-12 08:27:52.977  INFO 19071 --- [main] com.netflix.discovery.DiscoveryClient    : Force full registry fetch : false
2022-09-12 08:27:52.977  INFO 19071 --- [main] com.netflix.discovery.DiscoveryClient    : Application is null : false
2022-09-12 08:27:52.977  INFO 19071 --- [main] com.netflix.discovery.DiscoveryClient    : Registered Applications size is zero : true
2022-09-12 08:27:52.977  INFO 19071 --- [main] com.netflix.discovery.DiscoveryClient    : Application version is -1: true
2022-09-12 08:27:52.977  INFO 19071 --- [main] com.netflix.discovery.DiscoveryClient    : Getting all instance registry info from the eureka server
2022-09-12 08:27:53.197  INFO 19071 --- [main] com.netflix.discovery.DiscoveryClient    : The response status is 200
2022-09-12 08:27:53.198  INFO 19071 --- [main] com.netflix.discovery.DiscoveryClient    : Starting heartbeat executor: renew interval is: 30
2022-09-12 08:27:53.200  INFO 19071 --- [main] c.n.discovery.InstanceInfoReplicator     : InstanceInfoReplicator onDemand update allowed rate per min is 4
2022-09-12 08:27:53.203  INFO 19071 --- [main] com.netflix.discovery.DiscoveryClient    : Discovery Client initialized at timestamp 1662982073202 with initial instances count: 0
2022-09-12 08:27:53.203  INFO 19071 --- [main] o.s.c.n.e.s.EurekaServiceRegistry        : Registering application MSAVALIADORCREDITO with eureka with status UP
2022-09-12 08:27:53.204  INFO 19071 --- [main] com.netflix.discovery.DiscoveryClient    : Saw local status change event StatusChangeEvent [timestamp=1662982073204, current=UP, previous=STARTING]
2022-09-12 08:27:53.204  INFO 19071 --- [DiscoveryClient-InstanceInfoReplicator-0] com.netflix.discovery.DiscoveryClient    : DiscoveryClient_MSAVALIADORCREDITO/msavaliadorcredito:469b26f686dea3e13f38d269135d526f: registering service...
2022-09-12 08:27:53.218  INFO 19071 --- [main] i.g.c.m.MsavaliadorcreditoApplication    : Started MsavaliadorcreditoApplication in 2.984 seconds (JVM running for 3.528)
2022-09-12 08:27:53.300  INFO 19071 --- [DiscoveryClient-InstanceInfoReplicator-0] com.netflix.discovery.DiscoveryClient    : DiscoveryClient_MSAVALIADORCREDITO/msavaliadorcredito:469b26f686dea3e13f38d269135d526f - registration status: 204
2022-09-12 08:27:53.611  INFO 19071 --- [RMI TCP Connection(2)-127.0.0.1] o.s.a.r.c.CachingConnectionFactory       : Attempting to connect to: [localhost:5672]
2022-09-12 08:27:53.618  INFO 19071 --- [RMI TCP Connection(1)-127.0.0.1] o.a.c.c.C.[Tomcat].[localhost].[/]       : Initializing Spring DispatcherServlet 'dispatcherServlet'
2022-09-12 08:27:53.619  INFO 19071 --- [RMI TCP Connection(1)-127.0.0.1] o.s.web.servlet.DispatcherServlet        : Initializing Servlet 'dispatcherServlet'
2022-09-12 08:27:53.620  INFO 19071 --- [RMI TCP Connection(1)-127.0.0.1] o.s.web.servlet.DispatcherServlet        : Completed initialization in 1 ms
2022-09-12 08:27:53.641  INFO 19071 --- [RMI TCP Connection(2)-127.0.0.1] o.s.a.r.c.CachingConnectionFactory       : Created new connection: rabbitConnectionFactory#365cef67:0/SimpleConnection@39ffcd72 [delegate=amqp://guest@127.0.0.1:5672/, localPort= 53242]
2022-09-12 08:28:23.200  INFO 19071 --- [DiscoveryClient-CacheRefreshExecutor-0] com.netflix.discovery.DiscoveryClient    : Disable delta property : false
2022-09-12 08:28:23.200  INFO 19071 --- [DiscoveryClient-CacheRefreshExecutor-0] com.netflix.discovery.DiscoveryClient    : Single vip registry refresh property : null
2022-09-12 08:28:23.200  INFO 19071 --- [DiscoveryClient-CacheRefreshExecutor-0] com.netflix.discovery.DiscoveryClient    : Force full registry fetch : false
2022-09-12 08:28:23.201  INFO 19071 --- [DiscoveryClient-CacheRefreshExecutor-0] com.netflix.discovery.DiscoveryClient    : Application is null : false
2022-09-12 08:28:23.201  INFO 19071 --- [DiscoveryClient-CacheRefreshExecutor-0] com.netflix.discovery.DiscoveryClient    : Registered Applications size is zero : true
2022-09-12 08:28:23.201  INFO 19071 --- [DiscoveryClient-CacheRefreshExecutor-0] com.netflix.discovery.DiscoveryClient    : Application version is -1: false
2022-09-12 08:28:23.201  INFO 19071 --- [DiscoveryClient-CacheRefreshExecutor-0] com.netflix.discovery.DiscoveryClient    : Getting all instance registry info from the eureka server
2022-09-12 08:28:23.210  INFO 19071 --- [DiscoveryClient-CacheRefreshExecutor-0] com.netflix.discovery.DiscoveryClient    : The response status is 200
2022-09-12 08:32:52.979  INFO 19071 --- [AsyncResolver-bootstrap-executor-0] c.n.d.s.r.aws.ConfigClusterResolver      : Resolving eureka endpoints via configuration
2022-09-12 08:37:52.980  INFO 19071 --- [AsyncResolver-bootstrap-executor-0] c.n.d.s.r.aws.ConfigClusterResolver      : Resolving eureka endpoints via configuration
2022-09-12 08:42:52.981  INFO 19071 --- [AsyncResolver-bootstrap-executor-0] c.n.d.s.r.aws.ConfigClusterResolver      : Resolving eureka endpoints via configuration
2022-09-12 08:47:52.983  INFO 19071 --- [AsyncResolver-bootstrap-executor-0] c.n.d.s.r.aws.ConfigClusterResolver      : Resolving eureka endpoints via configuration
2022-09-12 08:49:39.543  INFO 19071 --- [SpringApplicationShutdownHook] o.s.c.n.e.s.EurekaServiceRegistry        : Unregistering application MSAVALIADORCREDITO with eureka with status DOWN
2022-09-12 08:49:39.543  INFO 19071 --- [SpringApplicationShutdownHook] com.netflix.discovery.DiscoveryClient    : Saw local status change event StatusChangeEvent [timestamp=1662983379543, current=DOWN, previous=UP]
2022-09-12 08:49:39.543  INFO 19071 --- [DiscoveryClient-InstanceInfoReplicator-0] com.netflix.discovery.DiscoveryClient    : DiscoveryClient_MSAVALIADORCREDITO/msavaliadorcredito:469b26f686dea3e13f38d269135d526f: registering service...
2022-09-12 08:49:39.547  INFO 19071 --- [DiscoveryClient-InstanceInfoReplicator-0] com.netflix.discovery.DiscoveryClient    : DiscoveryClient_MSAVALIADORCREDITO/msavaliadorcredito:469b26f686dea3e13f38d269135d526f - registration status: 204
2022-09-12 08:49:39.563  INFO 19071 --- [SpringApplicationShutdownHook] com.netflix.discovery.DiscoveryClient    : Shutting down DiscoveryClient ...
2022-09-12 08:49:42.566  INFO 19071 --- [SpringApplicationShutdownHook] com.netflix.discovery.DiscoveryClient    : Unregistering ...
2022-09-12 08:49:42.574  INFO 19071 --- [SpringApplicationShutdownHook] com.netflix.discovery.DiscoveryClient    : DiscoveryClient_MSAVALIADORCREDITO/msavaliadorcredito:469b26f686dea3e13f38d269135d526f - deregister  status: 200
2022-09-12 08:49:42.581  INFO 19071 --- [SpringApplicationShutdownHook] com.netflix.discovery.DiscoveryClient    : Completed shut down of DiscoveryClient
