2022-08-05 09:33:38.158  INFO 25809 --- [main] i.g.c.m.MsavaliadorcreditoApplication    : Starting MsavaliadorcreditoApplication using Java 17.0.4 on michel-systemproductname with PID 25809 (/home/michel/projetos/curso-microservicos/msavaliadorcredito/target/classes started by michel in /home/michel/projetos/curso-microservicos/msavaliadorcredito)
2022-08-05 09:33:38.160  INFO 25809 --- [main] i.g.c.m.MsavaliadorcreditoApplication    : No active profile set, falling back to 1 default profile: "default"
2022-08-05 09:33:38.803  INFO 25809 --- [main] o.s.cloud.context.scope.GenericScope     : BeanFactory id=294386bb-08da-3b18-9a7f-5b5b5705a903
2022-08-05 09:33:38.991  INFO 25809 --- [main] o.s.b.w.embedded.tomcat.TomcatWebServer  : Tomcat initialized with port(s): 0 (http)
2022-08-05 09:33:38.996  INFO 25809 --- [main] o.apache.catalina.core.StandardService   : Starting service [Tomcat]
2022-08-05 09:33:38.996  INFO 25809 --- [main] org.apache.catalina.core.StandardEngine  : Starting Servlet engine: [Apache Tomcat/9.0.65]
2022-08-05 09:33:39.062  INFO 25809 --- [main] o.a.c.c.C.[Tomcat].[localhost].[/]       : Initializing Spring embedded WebApplicationContext
2022-08-05 09:33:39.062  INFO 25809 --- [main] w.s.c.ServletWebServerApplicationContext : Root WebApplicationContext: initialization completed in 872 ms
2022-08-05 09:33:39.294  INFO 25809 --- [main] o.s.c.openfeign.FeignClientFactoryBean   : For 'msclientes' URL not provided. Will try picking an instance via load-balancing.
2022-08-05 09:33:39.333  INFO 25809 --- [main] o.s.c.openfeign.FeignClientFactoryBean   : For 'mscartoes' URL not provided. Will try picking an instance via load-balancing.
2022-08-05 09:33:40.026  INFO 25809 --- [main] DiscoveryClientOptionalArgsConfiguration : Eureka HTTP Client uses RestTemplate.
2022-08-05 09:33:40.051  WARN 25809 --- [main] iguration$LoadBalancerCaffeineWarnLogger : Spring Cloud LoadBalancer is currently working with the default cache. While this cache implementation is useful for development and tests, it's recommended to use Caffeine cache in production.You can switch to using Caffeine cache, by adding it and org.springframework.cache.caffeine.CaffeineCacheManager to the classpath.
2022-08-05 09:33:40.056  INFO 25809 --- [main] o.s.b.a.e.web.EndpointLinksResolver      : Exposing 17 endpoint(s) beneath base path '/actuator'
2022-08-05 09:33:40.118  INFO 25809 --- [main] o.s.b.w.embedded.tomcat.TomcatWebServer  : Tomcat started on port(s): 38845 (http) with context path ''
2022-08-05 09:33:40.119  INFO 25809 --- [main] .s.c.n.e.s.EurekaAutoServiceRegistration : Updating port to 38845
2022-08-05 09:33:40.121  INFO 25809 --- [main] o.s.c.n.eureka.InstanceInfoFactory       : Setting initial instance status as: STARTING
2022-08-05 09:33:40.140  INFO 25809 --- [main] com.netflix.discovery.DiscoveryClient    : Initializing Eureka in region us-east-1
2022-08-05 09:33:40.143  INFO 25809 --- [main] c.n.d.s.r.aws.ConfigClusterResolver      : Resolving eureka endpoints via configuration
2022-08-05 09:33:40.155  INFO 25809 --- [main] com.netflix.discovery.DiscoveryClient    : Disable delta property : false
2022-08-05 09:33:40.155  INFO 25809 --- [main] com.netflix.discovery.DiscoveryClient    : Single vip registry refresh property : null
2022-08-05 09:33:40.155  INFO 25809 --- [main] com.netflix.discovery.DiscoveryClient    : Force full registry fetch : false
2022-08-05 09:33:40.155  INFO 25809 --- [main] com.netflix.discovery.DiscoveryClient    : Application is null : false
2022-08-05 09:33:40.155  INFO 25809 --- [main] com.netflix.discovery.DiscoveryClient    : Registered Applications size is zero : true
2022-08-05 09:33:40.155  INFO 25809 --- [main] com.netflix.discovery.DiscoveryClient    : Application version is -1: true
2022-08-05 09:33:40.155  INFO 25809 --- [main] com.netflix.discovery.DiscoveryClient    : Getting all instance registry info from the eureka server
2022-08-05 09:33:40.368  INFO 25809 --- [main] com.netflix.discovery.DiscoveryClient    : The response status is 200
2022-08-05 09:33:40.370  INFO 25809 --- [main] com.netflix.discovery.DiscoveryClient    : Starting heartbeat executor: renew interval is: 30
2022-08-05 09:33:40.371  INFO 25809 --- [main] c.n.discovery.InstanceInfoReplicator     : InstanceInfoReplicator onDemand update allowed rate per min is 4
2022-08-05 09:33:40.374  INFO 25809 --- [main] com.netflix.discovery.DiscoveryClient    : Discovery Client initialized at timestamp 1659702820373 with initial instances count: 4
2022-08-05 09:33:40.375  INFO 25809 --- [main] o.s.c.n.e.s.EurekaServiceRegistry        : Registering application MSAVALIADORCREDITO with eureka with status UP
2022-08-05 09:33:40.375  INFO 25809 --- [main] com.netflix.discovery.DiscoveryClient    : Saw local status change event StatusChangeEvent [timestamp=1659702820375, current=UP, previous=STARTING]
2022-08-05 09:33:40.376  INFO 25809 --- [DiscoveryClient-InstanceInfoReplicator-0] com.netflix.discovery.DiscoveryClient    : DiscoveryClient_MSAVALIADORCREDITO/msavaliadorcredito:1cae47f09b64fea6d7e8b1a6754d662a: registering service...
2022-08-05 09:33:40.389  INFO 25809 --- [main] i.g.c.m.MsavaliadorcreditoApplication    : Started MsavaliadorcreditoApplication in 2.514 seconds (JVM running for 2.816)
2022-08-05 09:33:40.469  INFO 25809 --- [DiscoveryClient-InstanceInfoReplicator-0] com.netflix.discovery.DiscoveryClient    : DiscoveryClient_MSAVALIADORCREDITO/msavaliadorcredito:1cae47f09b64fea6d7e8b1a6754d662a - registration status: 204
2022-08-05 09:33:40.705  INFO 25809 --- [RMI TCP Connection(1)-127.0.0.1] o.s.a.r.c.CachingConnectionFactory       : Attempting to connect to: [localhost:5672]
2022-08-05 09:33:40.707  INFO 25809 --- [RMI TCP Connection(2)-127.0.0.1] o.a.c.c.C.[Tomcat].[localhost].[/]       : Initializing Spring DispatcherServlet 'dispatcherServlet'
2022-08-05 09:33:40.707  INFO 25809 --- [RMI TCP Connection(2)-127.0.0.1] o.s.web.servlet.DispatcherServlet        : Initializing Servlet 'dispatcherServlet'
2022-08-05 09:33:40.709  INFO 25809 --- [RMI TCP Connection(2)-127.0.0.1] o.s.web.servlet.DispatcherServlet        : Completed initialization in 2 ms
2022-08-05 09:33:40.737  INFO 25809 --- [RMI TCP Connection(1)-127.0.0.1] o.s.a.r.c.CachingConnectionFactory       : Created new connection: rabbitConnectionFactory#539316bb:0/SimpleConnection@188244fa [delegate=amqp://guest@127.0.0.1:5672/, localPort= 44282]
2022-08-05 09:34:06.450  INFO 25809 --- [http-nio-auto-1-exec-1] o.springdoc.api.AbstractOpenApiResource  : Init duration for springdoc-openapi is: 71 ms
2022-08-05 09:35:14.530  INFO 25809 --- [SpringApplicationShutdownHook] o.s.c.n.e.s.EurekaServiceRegistry        : Unregistering application MSAVALIADORCREDITO with eureka with status DOWN
2022-08-05 09:35:14.530  INFO 25809 --- [SpringApplicationShutdownHook] com.netflix.discovery.DiscoveryClient    : Saw local status change event StatusChangeEvent [timestamp=1659702914530, current=DOWN, previous=UP]
2022-08-05 09:35:14.530  INFO 25809 --- [DiscoveryClient-InstanceInfoReplicator-0] com.netflix.discovery.DiscoveryClient    : DiscoveryClient_MSAVALIADORCREDITO/msavaliadorcredito:1cae47f09b64fea6d7e8b1a6754d662a: registering service...
2022-08-05 09:35:14.534  INFO 25809 --- [DiscoveryClient-InstanceInfoReplicator-0] com.netflix.discovery.DiscoveryClient    : DiscoveryClient_MSAVALIADORCREDITO/msavaliadorcredito:1cae47f09b64fea6d7e8b1a6754d662a - registration status: 204
2022-08-05 09:35:14.551  INFO 25809 --- [SpringApplicationShutdownHook] com.netflix.discovery.DiscoveryClient    : Shutting down DiscoveryClient ...
2022-08-05 09:35:17.554  INFO 25809 --- [SpringApplicationShutdownHook] com.netflix.discovery.DiscoveryClient    : Unregistering ...
2022-08-05 09:35:17.559  INFO 25809 --- [SpringApplicationShutdownHook] com.netflix.discovery.DiscoveryClient    : DiscoveryClient_MSAVALIADORCREDITO/msavaliadorcredito:1cae47f09b64fea6d7e8b1a6754d662a - deregister  status: 200
2022-08-05 09:35:17.562  INFO 25809 --- [SpringApplicationShutdownHook] com.netflix.discovery.DiscoveryClient    : Completed shut down of DiscoveryClient
